<?xml version="1.0" encoding="UTF-8"?>
<testsuite xmlns:xsi="http://www.w3.org/2001/XMLSchema-instance" xsi:noNamespaceSchemaLocation="https://maven.apache.org/surefire/maven-surefire-plugin/xsd/surefire-test-report.xsd" name="searchengine.booleanretrieval.DataSelectionTest" time="0.415" tests="3" errors="0" skipped="0" failures="0">
  <properties>
[...]
</properties>
  <testcase name="retrieveDocuments_mockedArticles_article1" classname="searchengine.booleanretrieval.DataSelectionTest" time="0.399"/>
  <testcase name="retrieveDocuments_mockedArticles_article2" classname="searchengine.booleanretrieval.DataSelectionTest" time="0.007"/>
  <testcase name="retrieveDocuments_mockedArticles_articleCount" classname="searchengine.booleanretrieval.DataSelectionTest" time="0.007"/>
</testsuite>